UTC Time:    2019-06-26 16:31:50.446492
Boot Time:   119187
MessageName: key down
Message:     256
Window:      262754
WindowName:  YAnalyser
Ascii:       0
Key:         Lcontrol
KeyID:       162
ScanCode:    29
Extended:    0
Injected:    0
Alt:         0
Transition:  0
UTC Time:    2019-06-26 16:31:53.128383
Boot Time:   121875
MessageName: key sys down
Message:     260
Window:      262754
WindowName:  YAnalyser
Ascii:       0
Key:         Lmenu
KeyID:       164
ScanCode:    56
Extended:    0
Injected:    0
Alt:         32
Transition:  0
UTC Time:    2019-06-26 16:31:50.446492
Boot Time:   119187
MessageName: key down
Message:     256
Window:      262754
WindowName:  YAnalyser
Ascii:       0
Key:         Lcontrol
KeyID:       162
ScanCode:    29
Extended:    0
Injected:    0
Alt:         0
Transition:  0
UTC Time:    2019-06-26 16:31:53.128383
Boot Time:   121875
MessageName: key sys down
Message:     260
Window:      262754
WindowName:  YAnalyser
Ascii:       0
Key:         Lmenu
KeyID:       164
ScanCode:    56
Extended:    0
Injected:    0
Alt:         32
Transition:  0
UTC Time:    2019-06-26 16:31:53.159935
Boot Time:   121906
MessageName: key sys down
Message:     260
Window:      262754
WindowName:  YAnalyser
Ascii:       9
Key:         Tab
KeyID:       9
ScanCode:    15
Extended:    0
Injected:    0
Alt:         32
Transition:  0
UTC Time:    2019-06-26 16:31:50.446492
Boot Time:   119187
MessageName: key down
Message:     256
Window:      262754
WindowName:  YAnalyser
Ascii:       0
Key:         Lcontrol
KeyID:       162
ScanCode:    29
Extended:    0
Injected:    0
Alt:         0
Transition:  0
UTC Time:    2019-06-26 16:31:53.128383
Boot Time:   121875
MessageName: key sys down
Message:     260
Window:      262754
WindowName:  YAnalyser
Ascii:       0
Key:         Lmenu
KeyID:       164
ScanCode:    56
Extended:    0
Injected:    0
Alt:         32
Transition:  0
UTC Time:    2019-06-26 16:31:53.159935
Boot Time:   121906
MessageName: key sys down
Message:     260
Window:      262754
WindowName:  YAnalyser
Ascii:       9
Key:         Tab
KeyID:       9
ScanCode:    15
Extended:    0
Injected:    0
Alt:         32
Transition:  0
UTC Time:    2019-06-26 16:31:53.938815
Boot Time:   122687
MessageName: key sys down
Message:     260
Window:      262754
WindowName:  YAnalyser
Ascii:       0
Key:         Lmenu
KeyID:       164
ScanCode:    56
Extended:    0
Injected:    0
Alt:         32
Transition:  0
UTC Time:    2019-06-26 16:31:50.446492
Boot Time:   119187
MessageName: key down
Message:     256
Window:      262754
WindowName:  YAnalyser
Ascii:       0
Key:         Lcontrol
KeyID:       162
ScanCode:    29
Extended:    0
Injected:    0
Alt:         0
Transition:  0
UTC Time:    2019-06-26 16:31:53.128383
Boot Time:   121875
MessageName: key sys down
Message:     260
Window:      262754
WindowName:  YAnalyser
Ascii:       0
Key:         Lmenu
KeyID:       164
ScanCode:    56
Extended:    0
Injected:    0
Alt:         32
Transition:  0
UTC Time:    2019-06-26 16:31:53.159935
Boot Time:   121906
MessageName: key sys down
Message:     260
Window:      262754
WindowName:  YAnalyser
Ascii:       9
Key:         Tab
KeyID:       9
ScanCode:    15
Extended:    0
Injected:    0
Alt:         32
Transition:  0
UTC Time:    2019-06-26 16:31:53.938815
Boot Time:   122687
MessageName: key sys down
Message:     260
Window:      262754
WindowName:  YAnalyser
Ascii:       0
Key:         Lmenu
KeyID:       164
ScanCode:    56
Extended:    0
Injected:    0
Alt:         32
Transition:  0
UTC Time:    2019-06-26 16:31:53.983949
Boot Time:   122718
MessageName: key sys down
Message:     260
Window:      262754
WindowName:  YAnalyser
Ascii:       9
Key:         Tab
KeyID:       9
ScanCode:    15
Extended:    0
Injected:    0
Alt:         32
Transition:  0
UTC Time:    2019-06-26 16:31:50.446492
Boot Time:   119187
MessageName: key down
Message:     256
Window:      262754
WindowName:  YAnalyser
Ascii:       0
Key:         Lcontrol
KeyID:       162
ScanCode:    29
Extended:    0
Injected:    0
Alt:         0
Transition:  0
UTC Time:    2019-06-26 16:31:53.128383
Boot Time:   121875
MessageName: key sys down
Message:     260
Window:      262754
WindowName:  YAnalyser
Ascii:       0
Key:         Lmenu
KeyID:       164
ScanCode:    56
Extended:    0
Injected:    0
Alt:         32
Transition:  0
UTC Time:    2019-06-26 16:31:53.159935
Boot Time:   121906
MessageName: key sys down
Message:     260
Window:      262754
WindowName:  YAnalyser
Ascii:       9
Key:         Tab
KeyID:       9
ScanCode:    15
Extended:    0
Injected:    0
Alt:         32
Transition:  0
UTC Time:    2019-06-26 16:31:53.938815
Boot Time:   122687
MessageName: key sys down
Message:     260
Window:      262754
WindowName:  YAnalyser
Ascii:       0
Key:         Lmenu
KeyID:       164
ScanCode:    56
Extended:    0
Injected:    0
Alt:         32
Transition:  0
UTC Time:    2019-06-26 16:31:53.983949
Boot Time:   122718
MessageName: key sys down
Message:     260
Window:      262754
WindowName:  YAnalyser
Ascii:       9
Key:         Tab
KeyID:       9
ScanCode:    15
Extended:    0
Injected:    0
Alt:         32
Transition:  0
UTC Time:    2019-06-26 16:32:01.457574
Boot Time:   130203
MessageName: key down
Message:     256
Window:      262754
WindowName:  YAnalyser
Ascii:       0
Key:         Lcontrol
KeyID:       162
ScanCode:    29
Extended:    0
Injected:    0
Alt:         0
Transition:  0
UTC Time:    2019-06-26 16:31:50.446492
Boot Time:   119187
MessageName: key down
Message:     256
Window:      262754
WindowName:  YAnalyser
Ascii:       0
Key:         Lcontrol
KeyID:       162
ScanCode:    29
Extended:    0
Injected:    0
Alt:         0
Transition:  0
UTC Time:    2019-06-26 16:31:53.128383
Boot Time:   121875
MessageName: key sys down
Message:     260
Window:      262754
WindowName:  YAnalyser
Ascii:       0
Key:         Lmenu
KeyID:       164
ScanCode:    56
Extended:    0
Injected:    0
Alt:         32
Transition:  0
UTC Time:    2019-06-26 16:31:53.159935
Boot Time:   121906
MessageName: key sys down
Message:     260
Window:      262754
WindowName:  YAnalyser
Ascii:       9
Key:         Tab
KeyID:       9
ScanCode:    15
Extended:    0
Injected:    0
Alt:         32
Transition:  0
UTC Time:    2019-06-26 16:31:53.938815
Boot Time:   122687
MessageName: key sys down
Message:     260
Window:      262754
WindowName:  YAnalyser
Ascii:       0
Key:         Lmenu
KeyID:       164
ScanCode:    56
Extended:    0
Injected:    0
Alt:         32
Transition:  0
UTC Time:    2019-06-26 16:31:53.983949
Boot Time:   122718
MessageName: key sys down
Message:     260
Window:      262754
WindowName:  YAnalyser
Ascii:       9
Key:         Tab
KeyID:       9
ScanCode:    15
Extended:    0
Injected:    0
Alt:         32
Transition:  0
UTC Time:    2019-06-26 16:32:01.457574
Boot Time:   130203
MessageName: key down
Message:     256
Window:      262754
WindowName:  YAnalyser
Ascii:       0
Key:         Lcontrol
KeyID:       162
ScanCode:    29
Extended:    0
Injected:    0
Alt:         0
Transition:  0
UTC Time:    2019-06-26 16:32:01.504435
Boot Time:   130250
MessageName: key down
Message:     256
Window:      262754
WindowName:  YAnalyser
Ascii:       0
Key:         Lmenu
KeyID:       164
ScanCode:    56
Extended:    0
Injected:    0
Alt:         0
Transition:  0
UTC Time:    2019-06-26 16:31:50.446492
Boot Time:   119187
MessageName: key down
Message:     256
Window:      262754
WindowName:  YAnalyser
Ascii:       0
Key:         Lcontrol
KeyID:       162
ScanCode:    29
Extended:    0
Injected:    0
Alt:         0
Transition:  0
UTC Time:    2019-06-26 16:31:53.128383
Boot Time:   121875
MessageName: key sys down
Message:     260
Window:      262754
WindowName:  YAnalyser
Ascii:       0
Key:         Lmenu
KeyID:       164
ScanCode:    56
Extended:    0
Injected:    0
Alt:         32
Transition:  0
UTC Time:    2019-06-26 16:31:53.159935
Boot Time:   121906
MessageName: key sys down
Message:     260
Window:      262754
WindowName:  YAnalyser
Ascii:       9
Key:         Tab
KeyID:       9
ScanCode:    15
Extended:    0
Injected:    0
Alt:         32
Transition:  0
UTC Time:    2019-06-26 16:31:53.938815
Boot Time:   122687
MessageName: key sys down
Message:     260
Window:      262754
WindowName:  YAnalyser
Ascii:       0
Key:         Lmenu
KeyID:       164
ScanCode:    56
Extended:    0
Injected:    0
Alt:         32
Transition:  0
UTC Time:    2019-06-26 16:31:53.983949
Boot Time:   122718
MessageName: key sys down
Message:     260
Window:      262754
WindowName:  YAnalyser
Ascii:       9
Key:         Tab
KeyID:       9
ScanCode:    15
Extended:    0
Injected:    0
Alt:         32
Transition:  0
UTC Time:    2019-06-26 16:32:01.457574
Boot Time:   130203
MessageName: key down
Message:     256
Window:      262754
WindowName:  YAnalyser
Ascii:       0
Key:         Lcontrol
KeyID:       162
ScanCode:    29
Extended:    0
Injected:    0
Alt:         0
Transition:  0
UTC Time:    2019-06-26 16:32:01.504435
Boot Time:   130250
MessageName: key down
Message:     256
Window:      262754
WindowName:  YAnalyser
Ascii:       0
Key:         Lmenu
KeyID:       164
ScanCode:    56
Extended:    0
Injected:    0
Alt:         0
Transition:  0
UTC Time:    2019-06-26 16:32:01.645027
Boot Time:   130390
MessageName: key down
Message:     256
Window:      262754
WindowName:  YAnalyser
Ascii:       0
Key:         Delete
KeyID:       46
ScanCode:    83
Extended:    1
Injected:    0
Alt:         0
Transition:  0
