
UTC Time:    2019-06-26 17:27:06.212415
Boot Time:   3434953
MessageName: key down
Message:     256
Window:      918538
WindowName:  keylogger.py - YAnalyser - Visual Studio Code
Ascii:       0
Key:         Lcontrol
KeyID:       162
ScanCode:    29
Extended:    0
Injected:    0
Alt:         0
Transition:  0

UTC Time:    2019-06-26 17:27:11.510530
Boot Time:   3440250
MessageName: key down
Message:     256
Window:      918538
WindowName:  keylogger.py - YAnalyser - Visual Studio Code
Ascii:       110
Key:         N
KeyID:       78
ScanCode:    49
Extended:    0
Injected:    0
Alt:         0
Transition:  0

UTC Time:    2019-06-26 17:27:06.212415
Boot Time:   3434953
MessageName: key down
Message:     256
Window:      918538
WindowName:  keylogger.py - YAnalyser - Visual Studio Code
Ascii:       0
Key:         Lcontrol
KeyID:       162
ScanCode:    29
Extended:    0
Injected:    0
Alt:         0
Transition:  0

UTC Time:    2019-06-26 17:27:11.510530
Boot Time:   3440250
MessageName: key down
Message:     256
Window:      918538
WindowName:  keylogger.py - YAnalyser - Visual Studio Code
Ascii:       110
Key:         N
KeyID:       78
ScanCode:    49
Extended:    0
Injected:    0
Alt:         0
Transition:  0

UTC Time:    2019-06-26 17:27:11.773256
Boot Time:   3440515
MessageName: key down
Message:     256
Window:      918538
WindowName:  ● keylogger.py - YAnalyser - Visual Studio Code
Ascii:       0
Key:         Lcontrol
KeyID:       162
ScanCode:    29
Extended:    0
Injected:    0
Alt:         0
Transition:  0

UTC Time:    2019-06-26 17:27:06.212415
Boot Time:   3434953
MessageName: key down
Message:     256
Window:      918538
WindowName:  keylogger.py - YAnalyser - Visual Studio Code
Ascii:       0
Key:         Lcontrol
KeyID:       162
ScanCode:    29
Extended:    0
Injected:    0
Alt:         0
Transition:  0

UTC Time:    2019-06-26 17:27:11.510530
Boot Time:   3440250
MessageName: key down
Message:     256
Window:      918538
WindowName:  keylogger.py - YAnalyser - Visual Studio Code
Ascii:       110
Key:         N
KeyID:       78
ScanCode:    49
Extended:    0
Injected:    0
Alt:         0
Transition:  0

UTC Time:    2019-06-26 17:27:11.773256
Boot Time:   3440515
MessageName: key down
Message:     256
Window:      918538
WindowName:  ● keylogger.py - YAnalyser - Visual Studio Code
Ascii:       0
Key:         Lcontrol
KeyID:       162
ScanCode:    29
Extended:    0
Injected:    0
Alt:         0
Transition:  0

UTC Time:    2019-06-26 17:27:11.910750
Boot Time:   3440656
MessageName: key down
Message:     256
Window:      918538
WindowName:  ● keylogger.py - YAnalyser - Visual Studio Code
Ascii:       19
Key:         S
KeyID:       83
ScanCode:    31
Extended:    0
Injected:    0
Alt:         0
Transition:  0

UTC Time:    2019-06-26 17:27:06.212415
Boot Time:   3434953
MessageName: key down
Message:     256
Window:      918538
WindowName:  keylogger.py - YAnalyser - Visual Studio Code
Ascii:       0
Key:         Lcontrol
KeyID:       162
ScanCode:    29
Extended:    0
Injected:    0
Alt:         0
Transition:  0

UTC Time:    2019-06-26 17:27:11.510530
Boot Time:   3440250
MessageName: key down
Message:     256
Window:      918538
WindowName:  keylogger.py - YAnalyser - Visual Studio Code
Ascii:       110
Key:         N
KeyID:       78
ScanCode:    49
Extended:    0
Injected:    0
Alt:         0
Transition:  0

UTC Time:    2019-06-26 17:27:11.773256
Boot Time:   3440515
MessageName: key down
Message:     256
Window:      918538
WindowName:  ● keylogger.py - YAnalyser - Visual Studio Code
Ascii:       0
Key:         Lcontrol
KeyID:       162
ScanCode:    29
Extended:    0
Injected:    0
Alt:         0
Transition:  0

UTC Time:    2019-06-26 17:27:11.910750
Boot Time:   3440656
MessageName: key down
Message:     256
Window:      918538
WindowName:  ● keylogger.py - YAnalyser - Visual Studio Code
Ascii:       19
Key:         S
KeyID:       83
ScanCode:    31
Extended:    0
Injected:    0
Alt:         0
Transition:  0

UTC Time:    2019-06-26 17:27:12.863266
Boot Time:   3441609
MessageName: key down
Message:     256
Window:      918538
WindowName:  keylogger.py - YAnalyser - Visual Studio Code
Ascii:       0
Key:         Lcontrol
KeyID:       162
ScanCode:    29
Extended:    0
Injected:    0
Alt:         0
Transition:  0

UTC Time:    2019-06-26 17:27:06.212415
Boot Time:   3434953
MessageName: key down
Message:     256
Window:      918538
WindowName:  keylogger.py - YAnalyser - Visual Studio Code
Ascii:       0
Key:         Lcontrol
KeyID:       162
ScanCode:    29
Extended:    0
Injected:    0
Alt:         0
Transition:  0

UTC Time:    2019-06-26 17:27:11.510530
Boot Time:   3440250
MessageName: key down
Message:     256
Window:      918538
WindowName:  keylogger.py - YAnalyser - Visual Studio Code
Ascii:       110
Key:         N
KeyID:       78
ScanCode:    49
Extended:    0
Injected:    0
Alt:         0
Transition:  0

UTC Time:    2019-06-26 17:27:11.773256
Boot Time:   3440515
MessageName: key down
Message:     256
Window:      918538
WindowName:  ● keylogger.py - YAnalyser - Visual Studio Code
Ascii:       0
Key:         Lcontrol
KeyID:       162
ScanCode:    29
Extended:    0
Injected:    0
Alt:         0
Transition:  0

UTC Time:    2019-06-26 17:27:11.910750
Boot Time:   3440656
MessageName: key down
Message:     256
Window:      918538
WindowName:  ● keylogger.py - YAnalyser - Visual Studio Code
Ascii:       19
Key:         S
KeyID:       83
ScanCode:    31
Extended:    0
Injected:    0
Alt:         0
Transition:  0

UTC Time:    2019-06-26 17:27:12.863266
Boot Time:   3441609
MessageName: key down
Message:     256
Window:      918538
WindowName:  keylogger.py - YAnalyser - Visual Studio Code
Ascii:       0
Key:         Lcontrol
KeyID:       162
ScanCode:    29
Extended:    0
Injected:    0
Alt:         0
Transition:  0

UTC Time:    2019-06-26 17:27:13.206349
Boot Time:   3441953
MessageName: key down
Message:     256
Window:      918538
WindowName:  keylogger.py - YAnalyser - Visual Studio Code
Ascii:       0
Key:         Lcontrol
KeyID:       162
ScanCode:    29
Extended:    0
Injected:    0
Alt:         0
Transition:  0

UTC Time:    2019-06-26 17:27:06.212415
Boot Time:   3434953
MessageName: key down
Message:     256
Window:      918538
WindowName:  keylogger.py - YAnalyser - Visual Studio Code
Ascii:       0
Key:         Lcontrol
KeyID:       162
ScanCode:    29
Extended:    0
Injected:    0
Alt:         0
Transition:  0

UTC Time:    2019-06-26 17:27:11.510530
Boot Time:   3440250
MessageName: key down
Message:     256
Window:      918538
WindowName:  keylogger.py - YAnalyser - Visual Studio Code
Ascii:       110
Key:         N
KeyID:       78
ScanCode:    49
Extended:    0
Injected:    0
Alt:         0
Transition:  0

UTC Time:    2019-06-26 17:27:11.773256
Boot Time:   3440515
MessageName: key down
Message:     256
Window:      918538
WindowName:  ● keylogger.py - YAnalyser - Visual Studio Code
Ascii:       0
Key:         Lcontrol
KeyID:       162
ScanCode:    29
Extended:    0
Injected:    0
Alt:         0
Transition:  0

UTC Time:    2019-06-26 17:27:11.910750
Boot Time:   3440656
MessageName: key down
Message:     256
Window:      918538
WindowName:  ● keylogger.py - YAnalyser - Visual Studio Code
Ascii:       19
Key:         S
KeyID:       83
ScanCode:    31
Extended:    0
Injected:    0
Alt:         0
Transition:  0

UTC Time:    2019-06-26 17:27:12.863266
Boot Time:   3441609
MessageName: key down
Message:     256
Window:      918538
WindowName:  keylogger.py - YAnalyser - Visual Studio Code
Ascii:       0
Key:         Lcontrol
KeyID:       162
ScanCode:    29
Extended:    0
Injected:    0
Alt:         0
Transition:  0

UTC Time:    2019-06-26 17:27:13.206349
Boot Time:   3441953
MessageName: key down
Message:     256
Window:      918538
WindowName:  keylogger.py - YAnalyser - Visual Studio Code
Ascii:       0
Key:         Lcontrol
KeyID:       162
ScanCode:    29
Extended:    0
Injected:    0
Alt:         0
Transition:  0

UTC Time:    2019-06-26 17:27:13.746290
Boot Time:   3442484
MessageName: key down
Message:     256
Window:      918538
WindowName:  keylogger.py - YAnalyser - Visual Studio Code
Ascii:       0
Key:         Lcontrol
KeyID:       162
ScanCode:    29
Extended:    0
Injected:    0
Alt:         0
Transition:  0
