UTC Time:    2019-06-26 16:28:24.139583
Boot Time:   1206875
MessageName: key down
Message:     256
Window:      853348
WindowName:  keylogger.py - YAnalyser - Visual Studio Code
Ascii:       0
Key:         Delete
KeyID:       46
ScanCode:    83
Extended:    1
Injected:    0
Alt:         0
Transition:  0
UTC Time:    2019-06-26 16:28:26.342535
Boot Time:   1209078
MessageName: key sys down
Message:     260
Window:      853348
WindowName:  keylogger.py - YAnalyser - Visual Studio Code
Ascii:       0
Key:         Lmenu
KeyID:       164
ScanCode:    56
Extended:    0
Injected:    0
Alt:         32
Transition:  0
UTC Time:    2019-06-26 16:28:24.139583
Boot Time:   1206875
MessageName: key down
Message:     256
Window:      853348
WindowName:  keylogger.py - YAnalyser - Visual Studio Code
Ascii:       0
Key:         Delete
KeyID:       46
ScanCode:    83
Extended:    1
Injected:    0
Alt:         0
Transition:  0
UTC Time:    2019-06-26 16:28:26.342535
Boot Time:   1209078
MessageName: key sys down
Message:     260
Window:      853348
WindowName:  keylogger.py - YAnalyser - Visual Studio Code
Ascii:       0
Key:         Lmenu
KeyID:       164
ScanCode:    56
Extended:    0
Injected:    0
Alt:         32
Transition:  0
UTC Time:    2019-06-26 16:28:26.394234
Boot Time:   1209140
MessageName: key sys down
Message:     260
Window:      853348
WindowName:  keylogger.py - YAnalyser - Visual Studio Code
Ascii:       9
Key:         Tab
KeyID:       9
ScanCode:    15
Extended:    0
Injected:    0
Alt:         32
Transition:  0
UTC Time:    2019-06-26 16:28:24.139583
Boot Time:   1206875
MessageName: key down
Message:     256
Window:      853348
WindowName:  keylogger.py - YAnalyser - Visual Studio Code
Ascii:       0
Key:         Delete
KeyID:       46
ScanCode:    83
Extended:    1
Injected:    0
Alt:         0
Transition:  0
UTC Time:    2019-06-26 16:28:26.342535
Boot Time:   1209078
MessageName: key sys down
Message:     260
Window:      853348
WindowName:  keylogger.py - YAnalyser - Visual Studio Code
Ascii:       0
Key:         Lmenu
KeyID:       164
ScanCode:    56
Extended:    0
Injected:    0
Alt:         32
Transition:  0
UTC Time:    2019-06-26 16:28:26.394234
Boot Time:   1209140
MessageName: key sys down
Message:     260
Window:      853348
WindowName:  keylogger.py - YAnalyser - Visual Studio Code
Ascii:       9
Key:         Tab
KeyID:       9
ScanCode:    15
Extended:    0
Injected:    0
Alt:         32
Transition:  0
UTC Time:    2019-06-26 16:28:27.009587
Boot Time:   1209750
MessageName: key sys down
Message:     260
Window:      1115634
WindowName:  YAnalyser
Ascii:       0
Key:         Lmenu
KeyID:       164
ScanCode:    56
Extended:    0
Injected:    0
Alt:         32
Transition:  0
UTC Time:    2019-06-26 16:28:24.139583
Boot Time:   1206875
MessageName: key down
Message:     256
Window:      853348
WindowName:  keylogger.py - YAnalyser - Visual Studio Code
Ascii:       0
Key:         Delete
KeyID:       46
ScanCode:    83
Extended:    1
Injected:    0
Alt:         0
Transition:  0
UTC Time:    2019-06-26 16:28:26.342535
Boot Time:   1209078
MessageName: key sys down
Message:     260
Window:      853348
WindowName:  keylogger.py - YAnalyser - Visual Studio Code
Ascii:       0
Key:         Lmenu
KeyID:       164
ScanCode:    56
Extended:    0
Injected:    0
Alt:         32
Transition:  0
UTC Time:    2019-06-26 16:28:26.394234
Boot Time:   1209140
MessageName: key sys down
Message:     260
Window:      853348
WindowName:  keylogger.py - YAnalyser - Visual Studio Code
Ascii:       9
Key:         Tab
KeyID:       9
ScanCode:    15
Extended:    0
Injected:    0
Alt:         32
Transition:  0
UTC Time:    2019-06-26 16:28:27.009587
Boot Time:   1209750
MessageName: key sys down
Message:     260
Window:      1115634
WindowName:  YAnalyser
Ascii:       0
Key:         Lmenu
KeyID:       164
ScanCode:    56
Extended:    0
Injected:    0
Alt:         32
Transition:  0
UTC Time:    2019-06-26 16:28:27.056451
Boot Time:   1209796
MessageName: key sys down
Message:     260
Window:      1115634
WindowName:  YAnalyser
Ascii:       9
Key:         Tab
KeyID:       9
ScanCode:    15
Extended:    0
Injected:    0
Alt:         32
Transition:  0
UTC Time:    2019-06-26 16:28:24.139583
Boot Time:   1206875
MessageName: key down
Message:     256
Window:      853348
WindowName:  keylogger.py - YAnalyser - Visual Studio Code
Ascii:       0
Key:         Delete
KeyID:       46
ScanCode:    83
Extended:    1
Injected:    0
Alt:         0
Transition:  0
UTC Time:    2019-06-26 16:28:26.342535
Boot Time:   1209078
MessageName: key sys down
Message:     260
Window:      853348
WindowName:  keylogger.py - YAnalyser - Visual Studio Code
Ascii:       0
Key:         Lmenu
KeyID:       164
ScanCode:    56
Extended:    0
Injected:    0
Alt:         32
Transition:  0
UTC Time:    2019-06-26 16:28:26.394234
Boot Time:   1209140
MessageName: key sys down
Message:     260
Window:      853348
WindowName:  keylogger.py - YAnalyser - Visual Studio Code
Ascii:       9
Key:         Tab
KeyID:       9
ScanCode:    15
Extended:    0
Injected:    0
Alt:         32
Transition:  0
UTC Time:    2019-06-26 16:28:27.009587
Boot Time:   1209750
MessageName: key sys down
Message:     260
Window:      1115634
WindowName:  YAnalyser
Ascii:       0
Key:         Lmenu
KeyID:       164
ScanCode:    56
Extended:    0
Injected:    0
Alt:         32
Transition:  0
UTC Time:    2019-06-26 16:28:27.056451
Boot Time:   1209796
MessageName: key sys down
Message:     260
Window:      1115634
WindowName:  YAnalyser
Ascii:       9
Key:         Tab
KeyID:       9
ScanCode:    15
Extended:    0
Injected:    0
Alt:         32
Transition:  0
UTC Time:    2019-06-26 16:28:27.253233
Boot Time:   1210000
MessageName: key sys down
Message:     260
Window:      1376976
WindowName:  Task Switching
Ascii:       9
Key:         Tab
KeyID:       9
ScanCode:    15
Extended:    0
Injected:    0
Alt:         32
Transition:  0
UTC Time:    2019-06-26 16:28:24.139583
Boot Time:   1206875
MessageName: key down
Message:     256
Window:      853348
WindowName:  keylogger.py - YAnalyser - Visual Studio Code
Ascii:       0
Key:         Delete
KeyID:       46
ScanCode:    83
Extended:    1
Injected:    0
Alt:         0
Transition:  0
UTC Time:    2019-06-26 16:28:26.342535
Boot Time:   1209078
MessageName: key sys down
Message:     260
Window:      853348
WindowName:  keylogger.py - YAnalyser - Visual Studio Code
Ascii:       0
Key:         Lmenu
KeyID:       164
ScanCode:    56
Extended:    0
Injected:    0
Alt:         32
Transition:  0
UTC Time:    2019-06-26 16:28:26.394234
Boot Time:   1209140
MessageName: key sys down
Message:     260
Window:      853348
WindowName:  keylogger.py - YAnalyser - Visual Studio Code
Ascii:       9
Key:         Tab
KeyID:       9
ScanCode:    15
Extended:    0
Injected:    0
Alt:         32
Transition:  0
UTC Time:    2019-06-26 16:28:27.009587
Boot Time:   1209750
MessageName: key sys down
Message:     260
Window:      1115634
WindowName:  YAnalyser
Ascii:       0
Key:         Lmenu
KeyID:       164
ScanCode:    56
Extended:    0
Injected:    0
Alt:         32
Transition:  0
UTC Time:    2019-06-26 16:28:27.056451
Boot Time:   1209796
MessageName: key sys down
Message:     260
Window:      1115634
WindowName:  YAnalyser
Ascii:       9
Key:         Tab
KeyID:       9
ScanCode:    15
Extended:    0
Injected:    0
Alt:         32
Transition:  0
UTC Time:    2019-06-26 16:28:27.253233
Boot Time:   1210000
MessageName: key sys down
Message:     260
Window:      1376976
WindowName:  Task Switching
Ascii:       9
Key:         Tab
KeyID:       9
ScanCode:    15
Extended:    0
Injected:    0
Alt:         32
Transition:  0
UTC Time:    2019-06-26 16:28:27.864083
Boot Time:   1210609
MessageName: key sys down
Message:     260
Window:      525552
WindowName:  python - How can I safely create a nested directory? - Stack Overflow - Google Chrome
Ascii:       0
Key:         Lmenu
KeyID:       164
ScanCode:    56
Extended:    0
Injected:    0
Alt:         32
Transition:  0
UTC Time:    2019-06-26 16:28:24.139583
Boot Time:   1206875
MessageName: key down
Message:     256
Window:      853348
WindowName:  keylogger.py - YAnalyser - Visual Studio Code
Ascii:       0
Key:         Delete
KeyID:       46
ScanCode:    83
Extended:    1
Injected:    0
Alt:         0
Transition:  0
UTC Time:    2019-06-26 16:28:26.342535
Boot Time:   1209078
MessageName: key sys down
Message:     260
Window:      853348
WindowName:  keylogger.py - YAnalyser - Visual Studio Code
Ascii:       0
Key:         Lmenu
KeyID:       164
ScanCode:    56
Extended:    0
Injected:    0
Alt:         32
Transition:  0
UTC Time:    2019-06-26 16:28:26.394234
Boot Time:   1209140
MessageName: key sys down
Message:     260
Window:      853348
WindowName:  keylogger.py - YAnalyser - Visual Studio Code
Ascii:       9
Key:         Tab
KeyID:       9
ScanCode:    15
Extended:    0
Injected:    0
Alt:         32
Transition:  0
UTC Time:    2019-06-26 16:28:27.009587
Boot Time:   1209750
MessageName: key sys down
Message:     260
Window:      1115634
WindowName:  YAnalyser
Ascii:       0
Key:         Lmenu
KeyID:       164
ScanCode:    56
Extended:    0
Injected:    0
Alt:         32
Transition:  0
UTC Time:    2019-06-26 16:28:27.056451
Boot Time:   1209796
MessageName: key sys down
Message:     260
Window:      1115634
WindowName:  YAnalyser
Ascii:       9
Key:         Tab
KeyID:       9
ScanCode:    15
Extended:    0
Injected:    0
Alt:         32
Transition:  0
UTC Time:    2019-06-26 16:28:27.253233
Boot Time:   1210000
MessageName: key sys down
Message:     260
Window:      1376976
WindowName:  Task Switching
Ascii:       9
Key:         Tab
KeyID:       9
ScanCode:    15
Extended:    0
Injected:    0
Alt:         32
Transition:  0
UTC Time:    2019-06-26 16:28:27.864083
Boot Time:   1210609
MessageName: key sys down
Message:     260
Window:      525552
WindowName:  python - How can I safely create a nested directory? - Stack Overflow - Google Chrome
Ascii:       0
Key:         Lmenu
KeyID:       164
ScanCode:    56
Extended:    0
Injected:    0
Alt:         32
Transition:  0
UTC Time:    2019-06-26 16:28:27.889015
Boot Time:   1210625
MessageName: key sys down
Message:     260
Window:      525552
WindowName:  python - How can I safely create a nested directory? - Stack Overflow - Google Chrome
Ascii:       9
Key:         Tab
KeyID:       9
ScanCode:    15
Extended:    0
Injected:    0
Alt:         32
Transition:  0
UTC Time:    2019-06-26 16:28:24.139583
Boot Time:   1206875
MessageName: key down
Message:     256
Window:      853348
WindowName:  keylogger.py - YAnalyser - Visual Studio Code
Ascii:       0
Key:         Delete
KeyID:       46
ScanCode:    83
Extended:    1
Injected:    0
Alt:         0
Transition:  0
UTC Time:    2019-06-26 16:28:26.342535
Boot Time:   1209078
MessageName: key sys down
Message:     260
Window:      853348
WindowName:  keylogger.py - YAnalyser - Visual Studio Code
Ascii:       0
Key:         Lmenu
KeyID:       164
ScanCode:    56
Extended:    0
Injected:    0
Alt:         32
Transition:  0
UTC Time:    2019-06-26 16:28:26.394234
Boot Time:   1209140
MessageName: key sys down
Message:     260
Window:      853348
WindowName:  keylogger.py - YAnalyser - Visual Studio Code
Ascii:       9
Key:         Tab
KeyID:       9
ScanCode:    15
Extended:    0
Injected:    0
Alt:         32
Transition:  0
UTC Time:    2019-06-26 16:28:27.009587
Boot Time:   1209750
MessageName: key sys down
Message:     260
Window:      1115634
WindowName:  YAnalyser
Ascii:       0
Key:         Lmenu
KeyID:       164
ScanCode:    56
Extended:    0
Injected:    0
Alt:         32
Transition:  0
UTC Time:    2019-06-26 16:28:27.056451
Boot Time:   1209796
MessageName: key sys down
Message:     260
Window:      1115634
WindowName:  YAnalyser
Ascii:       9
Key:         Tab
KeyID:       9
ScanCode:    15
Extended:    0
Injected:    0
Alt:         32
Transition:  0
UTC Time:    2019-06-26 16:28:27.253233
Boot Time:   1210000
MessageName: key sys down
Message:     260
Window:      1376976
WindowName:  Task Switching
Ascii:       9
Key:         Tab
KeyID:       9
ScanCode:    15
Extended:    0
Injected:    0
Alt:         32
Transition:  0
UTC Time:    2019-06-26 16:28:27.864083
Boot Time:   1210609
MessageName: key sys down
Message:     260
Window:      525552
WindowName:  python - How can I safely create a nested directory? - Stack Overflow - Google Chrome
Ascii:       0
Key:         Lmenu
KeyID:       164
ScanCode:    56
Extended:    0
Injected:    0
Alt:         32
Transition:  0
UTC Time:    2019-06-26 16:28:27.889015
Boot Time:   1210625
MessageName: key sys down
Message:     260
Window:      525552
WindowName:  python - How can I safely create a nested directory? - Stack Overflow - Google Chrome
Ascii:       9
Key:         Tab
KeyID:       9
ScanCode:    15
Extended:    0
Injected:    0
Alt:         32
Transition:  0
UTC Time:    2019-06-26 16:28:32.775924
Boot Time:   1215515
MessageName: key sys down
Message:     260
Window:      1115634
WindowName:  YAnalyser
Ascii:       0
Key:         Lmenu
KeyID:       164
ScanCode:    56
Extended:    0
Injected:    0
Alt:         32
Transition:  0
UTC Time:    2019-06-26 16:28:24.139583
Boot Time:   1206875
MessageName: key down
Message:     256
Window:      853348
WindowName:  keylogger.py - YAnalyser - Visual Studio Code
Ascii:       0
Key:         Delete
KeyID:       46
ScanCode:    83
Extended:    1
Injected:    0
Alt:         0
Transition:  0
UTC Time:    2019-06-26 16:28:26.342535
Boot Time:   1209078
MessageName: key sys down
Message:     260
Window:      853348
WindowName:  keylogger.py - YAnalyser - Visual Studio Code
Ascii:       0
Key:         Lmenu
KeyID:       164
ScanCode:    56
Extended:    0
Injected:    0
Alt:         32
Transition:  0
UTC Time:    2019-06-26 16:28:26.394234
Boot Time:   1209140
MessageName: key sys down
Message:     260
Window:      853348
WindowName:  keylogger.py - YAnalyser - Visual Studio Code
Ascii:       9
Key:         Tab
KeyID:       9
ScanCode:    15
Extended:    0
Injected:    0
Alt:         32
Transition:  0
UTC Time:    2019-06-26 16:28:27.009587
Boot Time:   1209750
MessageName: key sys down
Message:     260
Window:      1115634
WindowName:  YAnalyser
Ascii:       0
Key:         Lmenu
KeyID:       164
ScanCode:    56
Extended:    0
Injected:    0
Alt:         32
Transition:  0
UTC Time:    2019-06-26 16:28:27.056451
Boot Time:   1209796
MessageName: key sys down
Message:     260
Window:      1115634
WindowName:  YAnalyser
Ascii:       9
Key:         Tab
KeyID:       9
ScanCode:    15
Extended:    0
Injected:    0
Alt:         32
Transition:  0
UTC Time:    2019-06-26 16:28:27.253233
Boot Time:   1210000
MessageName: key sys down
Message:     260
Window:      1376976
WindowName:  Task Switching
Ascii:       9
Key:         Tab
KeyID:       9
ScanCode:    15
Extended:    0
Injected:    0
Alt:         32
Transition:  0
UTC Time:    2019-06-26 16:28:27.864083
Boot Time:   1210609
MessageName: key sys down
Message:     260
Window:      525552
WindowName:  python - How can I safely create a nested directory? - Stack Overflow - Google Chrome
Ascii:       0
Key:         Lmenu
KeyID:       164
ScanCode:    56
Extended:    0
Injected:    0
Alt:         32
Transition:  0
UTC Time:    2019-06-26 16:28:27.889015
Boot Time:   1210625
MessageName: key sys down
Message:     260
Window:      525552
WindowName:  python - How can I safely create a nested directory? - Stack Overflow - Google Chrome
Ascii:       9
Key:         Tab
KeyID:       9
ScanCode:    15
Extended:    0
Injected:    0
Alt:         32
Transition:  0
UTC Time:    2019-06-26 16:28:32.775924
Boot Time:   1215515
MessageName: key sys down
Message:     260
Window:      1115634
WindowName:  YAnalyser
Ascii:       0
Key:         Lmenu
KeyID:       164
ScanCode:    56
Extended:    0
Injected:    0
Alt:         32
Transition:  0
UTC Time:    2019-06-26 16:28:32.837507
Boot Time:   1215578
MessageName: key sys down
Message:     260
Window:      1115634
WindowName:  YAnalyser
Ascii:       9
Key:         Tab
KeyID:       9
ScanCode:    15
Extended:    0
Injected:    0
Alt:         32
Transition:  0
UTC Time:    2019-06-26 16:28:24.139583
Boot Time:   1206875
MessageName: key down
Message:     256
Window:      853348
WindowName:  keylogger.py - YAnalyser - Visual Studio Code
Ascii:       0
Key:         Delete
KeyID:       46
ScanCode:    83
Extended:    1
Injected:    0
Alt:         0
Transition:  0
UTC Time:    2019-06-26 16:28:26.342535
Boot Time:   1209078
MessageName: key sys down
Message:     260
Window:      853348
WindowName:  keylogger.py - YAnalyser - Visual Studio Code
Ascii:       0
Key:         Lmenu
KeyID:       164
ScanCode:    56
Extended:    0
Injected:    0
Alt:         32
Transition:  0
UTC Time:    2019-06-26 16:28:26.394234
Boot Time:   1209140
MessageName: key sys down
Message:     260
Window:      853348
WindowName:  keylogger.py - YAnalyser - Visual Studio Code
Ascii:       9
Key:         Tab
KeyID:       9
ScanCode:    15
Extended:    0
Injected:    0
Alt:         32
Transition:  0
UTC Time:    2019-06-26 16:28:27.009587
Boot Time:   1209750
MessageName: key sys down
Message:     260
Window:      1115634
WindowName:  YAnalyser
Ascii:       0
Key:         Lmenu
KeyID:       164
ScanCode:    56
Extended:    0
Injected:    0
Alt:         32
Transition:  0
UTC Time:    2019-06-26 16:28:27.056451
Boot Time:   1209796
MessageName: key sys down
Message:     260
Window:      1115634
WindowName:  YAnalyser
Ascii:       9
Key:         Tab
KeyID:       9
ScanCode:    15
Extended:    0
Injected:    0
Alt:         32
Transition:  0
UTC Time:    2019-06-26 16:28:27.253233
Boot Time:   1210000
MessageName: key sys down
Message:     260
Window:      1376976
WindowName:  Task Switching
Ascii:       9
Key:         Tab
KeyID:       9
ScanCode:    15
Extended:    0
Injected:    0
Alt:         32
Transition:  0
UTC Time:    2019-06-26 16:28:27.864083
Boot Time:   1210609
MessageName: key sys down
Message:     260
Window:      525552
WindowName:  python - How can I safely create a nested directory? - Stack Overflow - Google Chrome
Ascii:       0
Key:         Lmenu
KeyID:       164
ScanCode:    56
Extended:    0
Injected:    0
Alt:         32
Transition:  0
UTC Time:    2019-06-26 16:28:27.889015
Boot Time:   1210625
MessageName: key sys down
Message:     260
Window:      525552
WindowName:  python - How can I safely create a nested directory? - Stack Overflow - Google Chrome
Ascii:       9
Key:         Tab
KeyID:       9
ScanCode:    15
Extended:    0
Injected:    0
Alt:         32
Transition:  0
UTC Time:    2019-06-26 16:28:32.775924
Boot Time:   1215515
MessageName: key sys down
Message:     260
Window:      1115634
WindowName:  YAnalyser
Ascii:       0
Key:         Lmenu
KeyID:       164
ScanCode:    56
Extended:    0
Injected:    0
Alt:         32
Transition:  0
UTC Time:    2019-06-26 16:28:32.837507
Boot Time:   1215578
MessageName: key sys down
Message:     260
Window:      1115634
WindowName:  YAnalyser
Ascii:       9
Key:         Tab
KeyID:       9
ScanCode:    15
Extended:    0
Injected:    0
Alt:         32
Transition:  0
UTC Time:    2019-06-26 16:28:33.613207
Boot Time:   1216359
MessageName: key sys down
Message:     260
Window:      853348
WindowName:  keylogger.py - YAnalyser - Visual Studio Code
Ascii:       0
Key:         Lmenu
KeyID:       164
ScanCode:    56
Extended:    0
Injected:    0
Alt:         32
Transition:  0
UTC Time:    2019-06-26 16:28:24.139583
Boot Time:   1206875
MessageName: key down
Message:     256
Window:      853348
WindowName:  keylogger.py - YAnalyser - Visual Studio Code
Ascii:       0
Key:         Delete
KeyID:       46
ScanCode:    83
Extended:    1
Injected:    0
Alt:         0
Transition:  0
UTC Time:    2019-06-26 16:28:26.342535
Boot Time:   1209078
MessageName: key sys down
Message:     260
Window:      853348
WindowName:  keylogger.py - YAnalyser - Visual Studio Code
Ascii:       0
Key:         Lmenu
KeyID:       164
ScanCode:    56
Extended:    0
Injected:    0
Alt:         32
Transition:  0
UTC Time:    2019-06-26 16:28:26.394234
Boot Time:   1209140
MessageName: key sys down
Message:     260
Window:      853348
WindowName:  keylogger.py - YAnalyser - Visual Studio Code
Ascii:       9
Key:         Tab
KeyID:       9
ScanCode:    15
Extended:    0
Injected:    0
Alt:         32
Transition:  0
UTC Time:    2019-06-26 16:28:27.009587
Boot Time:   1209750
MessageName: key sys down
Message:     260
Window:      1115634
WindowName:  YAnalyser
Ascii:       0
Key:         Lmenu
KeyID:       164
ScanCode:    56
Extended:    0
Injected:    0
Alt:         32
Transition:  0
UTC Time:    2019-06-26 16:28:27.056451
Boot Time:   1209796
MessageName: key sys down
Message:     260
Window:      1115634
WindowName:  YAnalyser
Ascii:       9
Key:         Tab
KeyID:       9
ScanCode:    15
Extended:    0
Injected:    0
Alt:         32
Transition:  0
UTC Time:    2019-06-26 16:28:27.253233
Boot Time:   1210000
MessageName: key sys down
Message:     260
Window:      1376976
WindowName:  Task Switching
Ascii:       9
Key:         Tab
KeyID:       9
ScanCode:    15
Extended:    0
Injected:    0
Alt:         32
Transition:  0
UTC Time:    2019-06-26 16:28:27.864083
Boot Time:   1210609
MessageName: key sys down
Message:     260
Window:      525552
WindowName:  python - How can I safely create a nested directory? - Stack Overflow - Google Chrome
Ascii:       0
Key:         Lmenu
KeyID:       164
ScanCode:    56
Extended:    0
Injected:    0
Alt:         32
Transition:  0
UTC Time:    2019-06-26 16:28:27.889015
Boot Time:   1210625
MessageName: key sys down
Message:     260
Window:      525552
WindowName:  python - How can I safely create a nested directory? - Stack Overflow - Google Chrome
Ascii:       9
Key:         Tab
KeyID:       9
ScanCode:    15
Extended:    0
Injected:    0
Alt:         32
Transition:  0
UTC Time:    2019-06-26 16:28:32.775924
Boot Time:   1215515
MessageName: key sys down
Message:     260
Window:      1115634
WindowName:  YAnalyser
Ascii:       0
Key:         Lmenu
KeyID:       164
ScanCode:    56
Extended:    0
Injected:    0
Alt:         32
Transition:  0
UTC Time:    2019-06-26 16:28:32.837507
Boot Time:   1215578
MessageName: key sys down
Message:     260
Window:      1115634
WindowName:  YAnalyser
Ascii:       9
Key:         Tab
KeyID:       9
ScanCode:    15
Extended:    0
Injected:    0
Alt:         32
Transition:  0
UTC Time:    2019-06-26 16:28:33.613207
Boot Time:   1216359
MessageName: key sys down
Message:     260
Window:      853348
WindowName:  keylogger.py - YAnalyser - Visual Studio Code
Ascii:       0
Key:         Lmenu
KeyID:       164
ScanCode:    56
Extended:    0
Injected:    0
Alt:         32
Transition:  0
UTC Time:    2019-06-26 16:28:33.665644
Boot Time:   1216406
MessageName: key sys down
Message:     260
Window:      853348
WindowName:  keylogger.py - YAnalyser - Visual Studio Code
Ascii:       9
Key:         Tab
KeyID:       9
ScanCode:    15
Extended:    0
Injected:    0
Alt:         32
Transition:  0
UTC Time:    2019-06-26 16:28:24.139583
Boot Time:   1206875
MessageName: key down
Message:     256
Window:      853348
WindowName:  keylogger.py - YAnalyser - Visual Studio Code
Ascii:       0
Key:         Delete
KeyID:       46
ScanCode:    83
Extended:    1
Injected:    0
Alt:         0
Transition:  0
UTC Time:    2019-06-26 16:28:26.342535
Boot Time:   1209078
MessageName: key sys down
Message:     260
Window:      853348
WindowName:  keylogger.py - YAnalyser - Visual Studio Code
Ascii:       0
Key:         Lmenu
KeyID:       164
ScanCode:    56
Extended:    0
Injected:    0
Alt:         32
Transition:  0
UTC Time:    2019-06-26 16:28:26.394234
Boot Time:   1209140
MessageName: key sys down
Message:     260
Window:      853348
WindowName:  keylogger.py - YAnalyser - Visual Studio Code
Ascii:       9
Key:         Tab
KeyID:       9
ScanCode:    15
Extended:    0
Injected:    0
Alt:         32
Transition:  0
UTC Time:    2019-06-26 16:28:27.009587
Boot Time:   1209750
MessageName: key sys down
Message:     260
Window:      1115634
WindowName:  YAnalyser
Ascii:       0
Key:         Lmenu
KeyID:       164
ScanCode:    56
Extended:    0
Injected:    0
Alt:         32
Transition:  0
UTC Time:    2019-06-26 16:28:27.056451
Boot Time:   1209796
MessageName: key sys down
Message:     260
Window:      1115634
WindowName:  YAnalyser
Ascii:       9
Key:         Tab
KeyID:       9
ScanCode:    15
Extended:    0
Injected:    0
Alt:         32
Transition:  0
UTC Time:    2019-06-26 16:28:27.253233
Boot Time:   1210000
MessageName: key sys down
Message:     260
Window:      1376976
WindowName:  Task Switching
Ascii:       9
Key:         Tab
KeyID:       9
ScanCode:    15
Extended:    0
Injected:    0
Alt:         32
Transition:  0
UTC Time:    2019-06-26 16:28:27.864083
Boot Time:   1210609
MessageName: key sys down
Message:     260
Window:      525552
WindowName:  python - How can I safely create a nested directory? - Stack Overflow - Google Chrome
Ascii:       0
Key:         Lmenu
KeyID:       164
ScanCode:    56
Extended:    0
Injected:    0
Alt:         32
Transition:  0
UTC Time:    2019-06-26 16:28:27.889015
Boot Time:   1210625
MessageName: key sys down
Message:     260
Window:      525552
WindowName:  python - How can I safely create a nested directory? - Stack Overflow - Google Chrome
Ascii:       9
Key:         Tab
KeyID:       9
ScanCode:    15
Extended:    0
Injected:    0
Alt:         32
Transition:  0
UTC Time:    2019-06-26 16:28:32.775924
Boot Time:   1215515
MessageName: key sys down
Message:     260
Window:      1115634
WindowName:  YAnalyser
Ascii:       0
Key:         Lmenu
KeyID:       164
ScanCode:    56
Extended:    0
Injected:    0
Alt:         32
Transition:  0
UTC Time:    2019-06-26 16:28:32.837507
Boot Time:   1215578
MessageName: key sys down
Message:     260
Window:      1115634
WindowName:  YAnalyser
Ascii:       9
Key:         Tab
KeyID:       9
ScanCode:    15
Extended:    0
Injected:    0
Alt:         32
Transition:  0
UTC Time:    2019-06-26 16:28:33.613207
Boot Time:   1216359
MessageName: key sys down
Message:     260
Window:      853348
WindowName:  keylogger.py - YAnalyser - Visual Studio Code
Ascii:       0
Key:         Lmenu
KeyID:       164
ScanCode:    56
Extended:    0
Injected:    0
Alt:         32
Transition:  0
UTC Time:    2019-06-26 16:28:33.665644
Boot Time:   1216406
MessageName: key sys down
Message:     260
Window:      853348
WindowName:  keylogger.py - YAnalyser - Visual Studio Code
Ascii:       9
Key:         Tab
KeyID:       9
ScanCode:    15
Extended:    0
Injected:    0
Alt:         32
Transition:  0
UTC Time:    2019-06-26 16:28:34.304158
Boot Time:   1217046
MessageName: key sys down
Message:     260
Window:      1115634
WindowName:  YAnalyser
Ascii:       0
Key:         Lmenu
KeyID:       164
ScanCode:    56
Extended:    0
Injected:    0
Alt:         32
Transition:  0
UTC Time:    2019-06-26 16:28:24.139583
Boot Time:   1206875
MessageName: key down
Message:     256
Window:      853348
WindowName:  keylogger.py - YAnalyser - Visual Studio Code
Ascii:       0
Key:         Delete
KeyID:       46
ScanCode:    83
Extended:    1
Injected:    0
Alt:         0
Transition:  0
UTC Time:    2019-06-26 16:28:26.342535
Boot Time:   1209078
MessageName: key sys down
Message:     260
Window:      853348
WindowName:  keylogger.py - YAnalyser - Visual Studio Code
Ascii:       0
Key:         Lmenu
KeyID:       164
ScanCode:    56
Extended:    0
Injected:    0
Alt:         32
Transition:  0
UTC Time:    2019-06-26 16:28:26.394234
Boot Time:   1209140
MessageName: key sys down
Message:     260
Window:      853348
WindowName:  keylogger.py - YAnalyser - Visual Studio Code
Ascii:       9
Key:         Tab
KeyID:       9
ScanCode:    15
Extended:    0
Injected:    0
Alt:         32
Transition:  0
UTC Time:    2019-06-26 16:28:27.009587
Boot Time:   1209750
MessageName: key sys down
Message:     260
Window:      1115634
WindowName:  YAnalyser
Ascii:       0
Key:         Lmenu
KeyID:       164
ScanCode:    56
Extended:    0
Injected:    0
Alt:         32
Transition:  0
UTC Time:    2019-06-26 16:28:27.056451
Boot Time:   1209796
MessageName: key sys down
Message:     260
Window:      1115634
WindowName:  YAnalyser
Ascii:       9
Key:         Tab
KeyID:       9
ScanCode:    15
Extended:    0
Injected:    0
Alt:         32
Transition:  0
UTC Time:    2019-06-26 16:28:27.253233
Boot Time:   1210000
MessageName: key sys down
Message:     260
Window:      1376976
WindowName:  Task Switching
Ascii:       9
Key:         Tab
KeyID:       9
ScanCode:    15
Extended:    0
Injected:    0
Alt:         32
Transition:  0
UTC Time:    2019-06-26 16:28:27.864083
Boot Time:   1210609
MessageName: key sys down
Message:     260
Window:      525552
WindowName:  python - How can I safely create a nested directory? - Stack Overflow - Google Chrome
Ascii:       0
Key:         Lmenu
KeyID:       164
ScanCode:    56
Extended:    0
Injected:    0
Alt:         32
Transition:  0
UTC Time:    2019-06-26 16:28:27.889015
Boot Time:   1210625
MessageName: key sys down
Message:     260
Window:      525552
WindowName:  python - How can I safely create a nested directory? - Stack Overflow - Google Chrome
Ascii:       9
Key:         Tab
KeyID:       9
ScanCode:    15
Extended:    0
Injected:    0
Alt:         32
Transition:  0
UTC Time:    2019-06-26 16:28:32.775924
Boot Time:   1215515
MessageName: key sys down
Message:     260
Window:      1115634
WindowName:  YAnalyser
Ascii:       0
Key:         Lmenu
KeyID:       164
ScanCode:    56
Extended:    0
Injected:    0
Alt:         32
Transition:  0
UTC Time:    2019-06-26 16:28:32.837507
Boot Time:   1215578
MessageName: key sys down
Message:     260
Window:      1115634
WindowName:  YAnalyser
Ascii:       9
Key:         Tab
KeyID:       9
ScanCode:    15
Extended:    0
Injected:    0
Alt:         32
Transition:  0
UTC Time:    2019-06-26 16:28:33.613207
Boot Time:   1216359
MessageName: key sys down
Message:     260
Window:      853348
WindowName:  keylogger.py - YAnalyser - Visual Studio Code
Ascii:       0
Key:         Lmenu
KeyID:       164
ScanCode:    56
Extended:    0
Injected:    0
Alt:         32
Transition:  0
UTC Time:    2019-06-26 16:28:33.665644
Boot Time:   1216406
MessageName: key sys down
Message:     260
Window:      853348
WindowName:  keylogger.py - YAnalyser - Visual Studio Code
Ascii:       9
Key:         Tab
KeyID:       9
ScanCode:    15
Extended:    0
Injected:    0
Alt:         32
Transition:  0
UTC Time:    2019-06-26 16:28:34.304158
Boot Time:   1217046
MessageName: key sys down
Message:     260
Window:      1115634
WindowName:  YAnalyser
Ascii:       0
Key:         Lmenu
KeyID:       164
ScanCode:    56
Extended:    0
Injected:    0
Alt:         32
Transition:  0
UTC Time:    2019-06-26 16:28:34.743030
Boot Time:   1217484
MessageName: key down
Message:     256
Window:      1115634
WindowName:  YAnalyser
Ascii:       0
Key:         Lcontrol
KeyID:       162
ScanCode:    29
Extended:    0
Injected:    0
Alt:         0
Transition:  0
UTC Time:    2019-06-26 16:28:24.139583
Boot Time:   1206875
MessageName: key down
Message:     256
Window:      853348
WindowName:  keylogger.py - YAnalyser - Visual Studio Code
Ascii:       0
Key:         Delete
KeyID:       46
ScanCode:    83
Extended:    1
Injected:    0
Alt:         0
Transition:  0
UTC Time:    2019-06-26 16:28:26.342535
Boot Time:   1209078
MessageName: key sys down
Message:     260
Window:      853348
WindowName:  keylogger.py - YAnalyser - Visual Studio Code
Ascii:       0
Key:         Lmenu
KeyID:       164
ScanCode:    56
Extended:    0
Injected:    0
Alt:         32
Transition:  0
UTC Time:    2019-06-26 16:28:26.394234
Boot Time:   1209140
MessageName: key sys down
Message:     260
Window:      853348
WindowName:  keylogger.py - YAnalyser - Visual Studio Code
Ascii:       9
Key:         Tab
KeyID:       9
ScanCode:    15
Extended:    0
Injected:    0
Alt:         32
Transition:  0
UTC Time:    2019-06-26 16:28:27.009587
Boot Time:   1209750
MessageName: key sys down
Message:     260
Window:      1115634
WindowName:  YAnalyser
Ascii:       0
Key:         Lmenu
KeyID:       164
ScanCode:    56
Extended:    0
Injected:    0
Alt:         32
Transition:  0
UTC Time:    2019-06-26 16:28:27.056451
Boot Time:   1209796
MessageName: key sys down
Message:     260
Window:      1115634
WindowName:  YAnalyser
Ascii:       9
Key:         Tab
KeyID:       9
ScanCode:    15
Extended:    0
Injected:    0
Alt:         32
Transition:  0
UTC Time:    2019-06-26 16:28:27.253233
Boot Time:   1210000
MessageName: key sys down
Message:     260
Window:      1376976
WindowName:  Task Switching
Ascii:       9
Key:         Tab
KeyID:       9
ScanCode:    15
Extended:    0
Injected:    0
Alt:         32
Transition:  0
UTC Time:    2019-06-26 16:28:27.864083
Boot Time:   1210609
MessageName: key sys down
Message:     260
Window:      525552
WindowName:  python - How can I safely create a nested directory? - Stack Overflow - Google Chrome
Ascii:       0
Key:         Lmenu
KeyID:       164
ScanCode:    56
Extended:    0
Injected:    0
Alt:         32
Transition:  0
UTC Time:    2019-06-26 16:28:27.889015
Boot Time:   1210625
MessageName: key sys down
Message:     260
Window:      525552
WindowName:  python - How can I safely create a nested directory? - Stack Overflow - Google Chrome
Ascii:       9
Key:         Tab
KeyID:       9
ScanCode:    15
Extended:    0
Injected:    0
Alt:         32
Transition:  0
UTC Time:    2019-06-26 16:28:32.775924
Boot Time:   1215515
MessageName: key sys down
Message:     260
Window:      1115634
WindowName:  YAnalyser
Ascii:       0
Key:         Lmenu
KeyID:       164
ScanCode:    56
Extended:    0
Injected:    0
Alt:         32
Transition:  0
UTC Time:    2019-06-26 16:28:32.837507
Boot Time:   1215578
MessageName: key sys down
Message:     260
Window:      1115634
WindowName:  YAnalyser
Ascii:       9
Key:         Tab
KeyID:       9
ScanCode:    15
Extended:    0
Injected:    0
Alt:         32
Transition:  0
UTC Time:    2019-06-26 16:28:33.613207
Boot Time:   1216359
MessageName: key sys down
Message:     260
Window:      853348
WindowName:  keylogger.py - YAnalyser - Visual Studio Code
Ascii:       0
Key:         Lmenu
KeyID:       164
ScanCode:    56
Extended:    0
Injected:    0
Alt:         32
Transition:  0
UTC Time:    2019-06-26 16:28:33.665644
Boot Time:   1216406
MessageName: key sys down
Message:     260
Window:      853348
WindowName:  keylogger.py - YAnalyser - Visual Studio Code
Ascii:       9
Key:         Tab
KeyID:       9
ScanCode:    15
Extended:    0
Injected:    0
Alt:         32
Transition:  0
UTC Time:    2019-06-26 16:28:34.304158
Boot Time:   1217046
MessageName: key sys down
Message:     260
Window:      1115634
WindowName:  YAnalyser
Ascii:       0
Key:         Lmenu
KeyID:       164
ScanCode:    56
Extended:    0
Injected:    0
Alt:         32
Transition:  0
UTC Time:    2019-06-26 16:28:34.743030
Boot Time:   1217484
MessageName: key down
Message:     256
Window:      1115634
WindowName:  YAnalyser
Ascii:       0
Key:         Lcontrol
KeyID:       162
ScanCode:    29
Extended:    0
Injected:    0
Alt:         0
Transition:  0
UTC Time:    2019-06-26 16:28:34.930487
Boot Time:   1217671
MessageName: key down
Message:     256
Window:      1115634
WindowName:  YAnalyser
Ascii:       0
Key:         Delete
KeyID:       46
ScanCode:    83
Extended:    1
Injected:    0
Alt:         0
Transition:  0
