
UTC Time:    2019-06-26 17:43:27.203546
Boot Time:   4415937
MessageName: key down
Message:     256
Window:      918538
WindowName:  keylogger.py - YAnalyser - Visual Studio Code
Ascii:       115
Key:         S
KeyID:       83
ScanCode:    31
Extended:    0
Injected:    0
Alt:         0
Transition:  0

UTC Time:    2019-06-26 17:43:27.217510
Boot Time:   4415953
MessageName: key down
Message:     256
Window:      918538
WindowName:  keylogger.py - YAnalyser - Visual Studio Code
Ascii:       100
Key:         D
KeyID:       68
ScanCode:    32
Extended:    0
Injected:    0
Alt:         0
Transition:  0

UTC Time:    2019-06-26 17:43:27.203546
Boot Time:   4415937
MessageName: key down
Message:     256
Window:      918538
WindowName:  keylogger.py - YAnalyser - Visual Studio Code
Ascii:       115
Key:         S
KeyID:       83
ScanCode:    31
Extended:    0
Injected:    0
Alt:         0
Transition:  0

UTC Time:    2019-06-26 17:43:27.217510
Boot Time:   4415953
MessageName: key down
Message:     256
Window:      918538
WindowName:  keylogger.py - YAnalyser - Visual Studio Code
Ascii:       100
Key:         D
KeyID:       68
ScanCode:    32
Extended:    0
Injected:    0
Alt:         0
Transition:  0

UTC Time:    2019-06-26 17:43:27.745407
Boot Time:   4416484
MessageName: key down
Message:     256
Window:      918538
WindowName:  keylogger.py - YAnalyser - Visual Studio Code
Ascii:       0
Key:         Lcontrol
KeyID:       162
ScanCode:    29
Extended:    0
Injected:    0
Alt:         0
Transition:  0

UTC Time:    2019-06-26 17:43:27.203546
Boot Time:   4415937
MessageName: key down
Message:     256
Window:      918538
WindowName:  keylogger.py - YAnalyser - Visual Studio Code
Ascii:       115
Key:         S
KeyID:       83
ScanCode:    31
Extended:    0
Injected:    0
Alt:         0
Transition:  0

UTC Time:    2019-06-26 17:43:27.217510
Boot Time:   4415953
MessageName: key down
Message:     256
Window:      918538
WindowName:  keylogger.py - YAnalyser - Visual Studio Code
Ascii:       100
Key:         D
KeyID:       68
ScanCode:    32
Extended:    0
Injected:    0
Alt:         0
Transition:  0

UTC Time:    2019-06-26 17:43:27.745407
Boot Time:   4416484
MessageName: key down
Message:     256
Window:      918538
WindowName:  keylogger.py - YAnalyser - Visual Studio Code
Ascii:       0
Key:         Lcontrol
KeyID:       162
ScanCode:    29
Extended:    0
Injected:    0
Alt:         0
Transition:  0

UTC Time:    2019-06-26 17:43:27.835168
Boot Time:   4416578
MessageName: key down
Message:     256
Window:      918538
WindowName:  keylogger.py - YAnalyser - Visual Studio Code
Ascii:       3
Key:         C
KeyID:       67
ScanCode:    46
Extended:    0
Injected:    0
Alt:         0
Transition:  0

UTC Time:    2019-06-26 17:43:27.203546
Boot Time:   4415937
MessageName: key down
Message:     256
Window:      918538
WindowName:  keylogger.py - YAnalyser - Visual Studio Code
Ascii:       115
Key:         S
KeyID:       83
ScanCode:    31
Extended:    0
Injected:    0
Alt:         0
Transition:  0

UTC Time:    2019-06-26 17:43:27.217510
Boot Time:   4415953
MessageName: key down
Message:     256
Window:      918538
WindowName:  keylogger.py - YAnalyser - Visual Studio Code
Ascii:       100
Key:         D
KeyID:       68
ScanCode:    32
Extended:    0
Injected:    0
Alt:         0
Transition:  0

UTC Time:    2019-06-26 17:43:27.745407
Boot Time:   4416484
MessageName: key down
Message:     256
Window:      918538
WindowName:  keylogger.py - YAnalyser - Visual Studio Code
Ascii:       0
Key:         Lcontrol
KeyID:       162
ScanCode:    29
Extended:    0
Injected:    0
Alt:         0
Transition:  0

UTC Time:    2019-06-26 17:43:27.835168
Boot Time:   4416578
MessageName: key down
Message:     256
Window:      918538
WindowName:  keylogger.py - YAnalyser - Visual Studio Code
Ascii:       3
Key:         C
KeyID:       67
ScanCode:    46
Extended:    0
Injected:    0
Alt:         0
Transition:  0

UTC Time:    2019-06-26 17:43:28.085497
Boot Time:   4416828
MessageName: key down
Message:     256
Window:      918538
WindowName:  keylogger.py - YAnalyser - Visual Studio Code
Ascii:       0
Key:         Lcontrol
KeyID:       162
ScanCode:    29
Extended:    0
Injected:    0
Alt:         0
Transition:  0

UTC Time:    2019-06-26 17:43:27.203546
Boot Time:   4415937
MessageName: key down
Message:     256
Window:      918538
WindowName:  keylogger.py - YAnalyser - Visual Studio Code
Ascii:       115
Key:         S
KeyID:       83
ScanCode:    31
Extended:    0
Injected:    0
Alt:         0
Transition:  0

UTC Time:    2019-06-26 17:43:27.217510
Boot Time:   4415953
MessageName: key down
Message:     256
Window:      918538
WindowName:  keylogger.py - YAnalyser - Visual Studio Code
Ascii:       100
Key:         D
KeyID:       68
ScanCode:    32
Extended:    0
Injected:    0
Alt:         0
Transition:  0

UTC Time:    2019-06-26 17:43:27.745407
Boot Time:   4416484
MessageName: key down
Message:     256
Window:      918538
WindowName:  keylogger.py - YAnalyser - Visual Studio Code
Ascii:       0
Key:         Lcontrol
KeyID:       162
ScanCode:    29
Extended:    0
Injected:    0
Alt:         0
Transition:  0

UTC Time:    2019-06-26 17:43:27.835168
Boot Time:   4416578
MessageName: key down
Message:     256
Window:      918538
WindowName:  keylogger.py - YAnalyser - Visual Studio Code
Ascii:       3
Key:         C
KeyID:       67
ScanCode:    46
Extended:    0
Injected:    0
Alt:         0
Transition:  0

UTC Time:    2019-06-26 17:43:28.085497
Boot Time:   4416828
MessageName: key down
Message:     256
Window:      918538
WindowName:  keylogger.py - YAnalyser - Visual Studio Code
Ascii:       0
Key:         Lcontrol
KeyID:       162
ScanCode:    29
Extended:    0
Injected:    0
Alt:         0
Transition:  0

UTC Time:    2019-06-26 17:43:28.170270
Boot Time:   4416906
MessageName: key down
Message:     256
Window:      918538
WindowName:  keylogger.py - YAnalyser - Visual Studio Code
Ascii:       3
Key:         C
KeyID:       67
ScanCode:    46
Extended:    0
Injected:    0
Alt:         0
Transition:  0

UTC Time:    2019-06-26 17:43:27.203546
Boot Time:   4415937
MessageName: key down
Message:     256
Window:      918538
WindowName:  keylogger.py - YAnalyser - Visual Studio Code
Ascii:       115
Key:         S
KeyID:       83
ScanCode:    31
Extended:    0
Injected:    0
Alt:         0
Transition:  0

UTC Time:    2019-06-26 17:43:27.217510
Boot Time:   4415953
MessageName: key down
Message:     256
Window:      918538
WindowName:  keylogger.py - YAnalyser - Visual Studio Code
Ascii:       100
Key:         D
KeyID:       68
ScanCode:    32
Extended:    0
Injected:    0
Alt:         0
Transition:  0

UTC Time:    2019-06-26 17:43:27.745407
Boot Time:   4416484
MessageName: key down
Message:     256
Window:      918538
WindowName:  keylogger.py - YAnalyser - Visual Studio Code
Ascii:       0
Key:         Lcontrol
KeyID:       162
ScanCode:    29
Extended:    0
Injected:    0
Alt:         0
Transition:  0

UTC Time:    2019-06-26 17:43:27.835168
Boot Time:   4416578
MessageName: key down
Message:     256
Window:      918538
WindowName:  keylogger.py - YAnalyser - Visual Studio Code
Ascii:       3
Key:         C
KeyID:       67
ScanCode:    46
Extended:    0
Injected:    0
Alt:         0
Transition:  0

UTC Time:    2019-06-26 17:43:28.085497
Boot Time:   4416828
MessageName: key down
Message:     256
Window:      918538
WindowName:  keylogger.py - YAnalyser - Visual Studio Code
Ascii:       0
Key:         Lcontrol
KeyID:       162
ScanCode:    29
Extended:    0
Injected:    0
Alt:         0
Transition:  0

UTC Time:    2019-06-26 17:43:28.170270
Boot Time:   4416906
MessageName: key down
Message:     256
Window:      918538
WindowName:  keylogger.py - YAnalyser - Visual Studio Code
Ascii:       3
Key:         C
KeyID:       67
ScanCode:    46
Extended:    0
Injected:    0
Alt:         0
Transition:  0

UTC Time:    2019-06-26 17:43:28.327848
Boot Time:   4417062
MessageName: key down
Message:     256
Window:      918538
WindowName:  keylogger.py - YAnalyser - Visual Studio Code
Ascii:       3
Key:         C
KeyID:       67
ScanCode:    46
Extended:    0
Injected:    0
Alt:         0
Transition:  0

UTC Time:    2019-06-26 17:43:27.203546
Boot Time:   4415937
MessageName: key down
Message:     256
Window:      918538
WindowName:  keylogger.py - YAnalyser - Visual Studio Code
Ascii:       115
Key:         S
KeyID:       83
ScanCode:    31
Extended:    0
Injected:    0
Alt:         0
Transition:  0

UTC Time:    2019-06-26 17:43:27.217510
Boot Time:   4415953
MessageName: key down
Message:     256
Window:      918538
WindowName:  keylogger.py - YAnalyser - Visual Studio Code
Ascii:       100
Key:         D
KeyID:       68
ScanCode:    32
Extended:    0
Injected:    0
Alt:         0
Transition:  0

UTC Time:    2019-06-26 17:43:27.745407
Boot Time:   4416484
MessageName: key down
Message:     256
Window:      918538
WindowName:  keylogger.py - YAnalyser - Visual Studio Code
Ascii:       0
Key:         Lcontrol
KeyID:       162
ScanCode:    29
Extended:    0
Injected:    0
Alt:         0
Transition:  0

UTC Time:    2019-06-26 17:43:27.835168
Boot Time:   4416578
MessageName: key down
Message:     256
Window:      918538
WindowName:  keylogger.py - YAnalyser - Visual Studio Code
Ascii:       3
Key:         C
KeyID:       67
ScanCode:    46
Extended:    0
Injected:    0
Alt:         0
Transition:  0

UTC Time:    2019-06-26 17:43:28.085497
Boot Time:   4416828
MessageName: key down
Message:     256
Window:      918538
WindowName:  keylogger.py - YAnalyser - Visual Studio Code
Ascii:       0
Key:         Lcontrol
KeyID:       162
ScanCode:    29
Extended:    0
Injected:    0
Alt:         0
Transition:  0

UTC Time:    2019-06-26 17:43:28.170270
Boot Time:   4416906
MessageName: key down
Message:     256
Window:      918538
WindowName:  keylogger.py - YAnalyser - Visual Studio Code
Ascii:       3
Key:         C
KeyID:       67
ScanCode:    46
Extended:    0
Injected:    0
Alt:         0
Transition:  0

UTC Time:    2019-06-26 17:43:28.327848
Boot Time:   4417062
MessageName: key down
Message:     256
Window:      918538
WindowName:  keylogger.py - YAnalyser - Visual Studio Code
Ascii:       3
Key:         C
KeyID:       67
ScanCode:    46
Extended:    0
Injected:    0
Alt:         0
Transition:  0

UTC Time:    2019-06-26 17:43:28.451518
Boot Time:   4417187
MessageName: key down
Message:     256
Window:      918538
WindowName:  keylogger.py - YAnalyser - Visual Studio Code
Ascii:       3
Key:         C
KeyID:       67
ScanCode:    46
Extended:    0
Injected:    0
Alt:         0
Transition:  0

UTC Time:    2019-06-26 17:43:27.203546
Boot Time:   4415937
MessageName: key down
Message:     256
Window:      918538
WindowName:  keylogger.py - YAnalyser - Visual Studio Code
Ascii:       115
Key:         S
KeyID:       83
ScanCode:    31
Extended:    0
Injected:    0
Alt:         0
Transition:  0

UTC Time:    2019-06-26 17:43:27.217510
Boot Time:   4415953
MessageName: key down
Message:     256
Window:      918538
WindowName:  keylogger.py - YAnalyser - Visual Studio Code
Ascii:       100
Key:         D
KeyID:       68
ScanCode:    32
Extended:    0
Injected:    0
Alt:         0
Transition:  0

UTC Time:    2019-06-26 17:43:27.745407
Boot Time:   4416484
MessageName: key down
Message:     256
Window:      918538
WindowName:  keylogger.py - YAnalyser - Visual Studio Code
Ascii:       0
Key:         Lcontrol
KeyID:       162
ScanCode:    29
Extended:    0
Injected:    0
Alt:         0
Transition:  0

UTC Time:    2019-06-26 17:43:27.835168
Boot Time:   4416578
MessageName: key down
Message:     256
Window:      918538
WindowName:  keylogger.py - YAnalyser - Visual Studio Code
Ascii:       3
Key:         C
KeyID:       67
ScanCode:    46
Extended:    0
Injected:    0
Alt:         0
Transition:  0

UTC Time:    2019-06-26 17:43:28.085497
Boot Time:   4416828
MessageName: key down
Message:     256
Window:      918538
WindowName:  keylogger.py - YAnalyser - Visual Studio Code
Ascii:       0
Key:         Lcontrol
KeyID:       162
ScanCode:    29
Extended:    0
Injected:    0
Alt:         0
Transition:  0

UTC Time:    2019-06-26 17:43:28.170270
Boot Time:   4416906
MessageName: key down
Message:     256
Window:      918538
WindowName:  keylogger.py - YAnalyser - Visual Studio Code
Ascii:       3
Key:         C
KeyID:       67
ScanCode:    46
Extended:    0
Injected:    0
Alt:         0
Transition:  0

UTC Time:    2019-06-26 17:43:28.327848
Boot Time:   4417062
MessageName: key down
Message:     256
Window:      918538
WindowName:  keylogger.py - YAnalyser - Visual Studio Code
Ascii:       3
Key:         C
KeyID:       67
ScanCode:    46
Extended:    0
Injected:    0
Alt:         0
Transition:  0

UTC Time:    2019-06-26 17:43:28.451518
Boot Time:   4417187
MessageName: key down
Message:     256
Window:      918538
WindowName:  keylogger.py - YAnalyser - Visual Studio Code
Ascii:       3
Key:         C
KeyID:       67
ScanCode:    46
Extended:    0
Injected:    0
Alt:         0
Transition:  0

UTC Time:    2019-06-26 17:43:29.012995
Boot Time:   4417750
MessageName: key down
Message:     256
Window:      918538
WindowName:  keylogger.py - YAnalyser - Visual Studio Code
Ascii:       120
Key:         X
KeyID:       88
ScanCode:    45
Extended:    0
Injected:    0
Alt:         0
Transition:  0

UTC Time:    2019-06-26 17:43:27.203546
Boot Time:   4415937
MessageName: key down
Message:     256
Window:      918538
WindowName:  keylogger.py - YAnalyser - Visual Studio Code
Ascii:       115
Key:         S
KeyID:       83
ScanCode:    31
Extended:    0
Injected:    0
Alt:         0
Transition:  0

UTC Time:    2019-06-26 17:43:27.217510
Boot Time:   4415953
MessageName: key down
Message:     256
Window:      918538
WindowName:  keylogger.py - YAnalyser - Visual Studio Code
Ascii:       100
Key:         D
KeyID:       68
ScanCode:    32
Extended:    0
Injected:    0
Alt:         0
Transition:  0

UTC Time:    2019-06-26 17:43:27.745407
Boot Time:   4416484
MessageName: key down
Message:     256
Window:      918538
WindowName:  keylogger.py - YAnalyser - Visual Studio Code
Ascii:       0
Key:         Lcontrol
KeyID:       162
ScanCode:    29
Extended:    0
Injected:    0
Alt:         0
Transition:  0

UTC Time:    2019-06-26 17:43:27.835168
Boot Time:   4416578
MessageName: key down
Message:     256
Window:      918538
WindowName:  keylogger.py - YAnalyser - Visual Studio Code
Ascii:       3
Key:         C
KeyID:       67
ScanCode:    46
Extended:    0
Injected:    0
Alt:         0
Transition:  0

UTC Time:    2019-06-26 17:43:28.085497
Boot Time:   4416828
MessageName: key down
Message:     256
Window:      918538
WindowName:  keylogger.py - YAnalyser - Visual Studio Code
Ascii:       0
Key:         Lcontrol
KeyID:       162
ScanCode:    29
Extended:    0
Injected:    0
Alt:         0
Transition:  0

UTC Time:    2019-06-26 17:43:28.170270
Boot Time:   4416906
MessageName: key down
Message:     256
Window:      918538
WindowName:  keylogger.py - YAnalyser - Visual Studio Code
Ascii:       3
Key:         C
KeyID:       67
ScanCode:    46
Extended:    0
Injected:    0
Alt:         0
Transition:  0

UTC Time:    2019-06-26 17:43:28.327848
Boot Time:   4417062
MessageName: key down
Message:     256
Window:      918538
WindowName:  keylogger.py - YAnalyser - Visual Studio Code
Ascii:       3
Key:         C
KeyID:       67
ScanCode:    46
Extended:    0
Injected:    0
Alt:         0
Transition:  0

UTC Time:    2019-06-26 17:43:28.451518
Boot Time:   4417187
MessageName: key down
Message:     256
Window:      918538
WindowName:  keylogger.py - YAnalyser - Visual Studio Code
Ascii:       3
Key:         C
KeyID:       67
ScanCode:    46
Extended:    0
Injected:    0
Alt:         0
Transition:  0

UTC Time:    2019-06-26 17:43:29.012995
Boot Time:   4417750
MessageName: key down
Message:     256
Window:      918538
WindowName:  keylogger.py - YAnalyser - Visual Studio Code
Ascii:       120
Key:         X
KeyID:       88
ScanCode:    45
Extended:    0
Injected:    0
Alt:         0
Transition:  0

UTC Time:    2019-06-26 17:43:29.177234
Boot Time:   4417921
MessageName: key down
Message:     256
Window:      918538
WindowName:  keylogger.py - YAnalyser - Visual Studio Code
Ascii:       105
Key:         Oem_7
KeyID:       222
ScanCode:    40
Extended:    0
Injected:    0
Alt:         0
Transition:  0

UTC Time:    2019-06-26 17:43:27.203546
Boot Time:   4415937
MessageName: key down
Message:     256
Window:      918538
WindowName:  keylogger.py - YAnalyser - Visual Studio Code
Ascii:       115
Key:         S
KeyID:       83
ScanCode:    31
Extended:    0
Injected:    0
Alt:         0
Transition:  0

UTC Time:    2019-06-26 17:43:27.217510
Boot Time:   4415953
MessageName: key down
Message:     256
Window:      918538
WindowName:  keylogger.py - YAnalyser - Visual Studio Code
Ascii:       100
Key:         D
KeyID:       68
ScanCode:    32
Extended:    0
Injected:    0
Alt:         0
Transition:  0

UTC Time:    2019-06-26 17:43:27.745407
Boot Time:   4416484
MessageName: key down
Message:     256
Window:      918538
WindowName:  keylogger.py - YAnalyser - Visual Studio Code
Ascii:       0
Key:         Lcontrol
KeyID:       162
ScanCode:    29
Extended:    0
Injected:    0
Alt:         0
Transition:  0

UTC Time:    2019-06-26 17:43:27.835168
Boot Time:   4416578
MessageName: key down
Message:     256
Window:      918538
WindowName:  keylogger.py - YAnalyser - Visual Studio Code
Ascii:       3
Key:         C
KeyID:       67
ScanCode:    46
Extended:    0
Injected:    0
Alt:         0
Transition:  0

UTC Time:    2019-06-26 17:43:28.085497
Boot Time:   4416828
MessageName: key down
Message:     256
Window:      918538
WindowName:  keylogger.py - YAnalyser - Visual Studio Code
Ascii:       0
Key:         Lcontrol
KeyID:       162
ScanCode:    29
Extended:    0
Injected:    0
Alt:         0
Transition:  0

UTC Time:    2019-06-26 17:43:28.170270
Boot Time:   4416906
MessageName: key down
Message:     256
Window:      918538
WindowName:  keylogger.py - YAnalyser - Visual Studio Code
Ascii:       3
Key:         C
KeyID:       67
ScanCode:    46
Extended:    0
Injected:    0
Alt:         0
Transition:  0

UTC Time:    2019-06-26 17:43:28.327848
Boot Time:   4417062
MessageName: key down
Message:     256
Window:      918538
WindowName:  keylogger.py - YAnalyser - Visual Studio Code
Ascii:       3
Key:         C
KeyID:       67
ScanCode:    46
Extended:    0
Injected:    0
Alt:         0
Transition:  0

UTC Time:    2019-06-26 17:43:28.451518
Boot Time:   4417187
MessageName: key down
Message:     256
Window:      918538
WindowName:  keylogger.py - YAnalyser - Visual Studio Code
Ascii:       3
Key:         C
KeyID:       67
ScanCode:    46
Extended:    0
Injected:    0
Alt:         0
Transition:  0

UTC Time:    2019-06-26 17:43:29.012995
Boot Time:   4417750
MessageName: key down
Message:     256
Window:      918538
WindowName:  keylogger.py - YAnalyser - Visual Studio Code
Ascii:       120
Key:         X
KeyID:       88
ScanCode:    45
Extended:    0
Injected:    0
Alt:         0
Transition:  0

UTC Time:    2019-06-26 17:43:29.177234
Boot Time:   4417921
MessageName: key down
Message:     256
Window:      918538
WindowName:  keylogger.py - YAnalyser - Visual Studio Code
Ascii:       105
Key:         Oem_7
KeyID:       222
ScanCode:    40
Extended:    0
Injected:    0
Alt:         0
Transition:  0

UTC Time:    2019-06-26 17:43:29.279063
Boot Time:   4418015
MessageName: key down
Message:     256
Window:      918538
WindowName:  keylogger.py - YAnalyser - Visual Studio Code
Ascii:       116
Key:         T
KeyID:       84
ScanCode:    20
Extended:    0
Injected:    0
Alt:         0
Transition:  0
